npm error code ERESOLVE
npm error ERESOLVE could not resolve
npm error
npm error While resolving: @testing-library/react@13.4.0
npm error Found: react@19.1.0
npm error node_modules/react
npm error   peer react@">=17.0.0" from @floating-ui/react@0.27.12
npm error   node_modules/@floating-ui/react
npm error     @floating-ui/react@"^0.27.3" from react-datepicker@8.4.0
npm error     node_modules/react-datepicker
npm error       react-datepicker@"^8.4.0" from the root project
npm error   peer react@">=16.8.0" from @floating-ui/react-dom@2.1.3
npm error   node_modules/@floating-ui/react-dom
npm error     @floating-ui/react-dom@"^2.1.3" from @floating-ui/react@0.27.12
npm error     node_modules/@floating-ui/react
npm error       @floating-ui/react@"^0.27.3" from react-datepicker@8.4.0
npm error       node_modules/react-datepicker
npm error         react-datepicker@"^8.4.0" from the root project
npm error   10 more (@pivanov/utils, bippy, next, react-datepicker, react-dom, ...)
npm error
npm error Could not resolve dependency:
npm error peer react@"^18.0.0" from @testing-library/react@13.4.0
npm error node_modules/@testing-library/react
npm error   dev @testing-library/react@"^13.4.0" from the root project
npm error
npm error Conflicting peer dependency: react@18.3.1
npm error node_modules/react
npm error   peer react@"^18.0.0" from @testing-library/react@13.4.0
npm error   node_modules/@testing-library/react
npm error     dev @testing-library/react@"^13.4.0" from the root project
npm error
npm error Fix the upstream dependency conflict, or retry
npm error this command with --force or --legacy-peer-deps
npm error to accept an incorrect (and potentially broken) dependency resolution.
npm error
npm error
npm error For a full report see:
npm error C:\Users\ludwy\AppData\Local\npm-cache\_logs\2025-06-08T17_19_16_982Z-eresolve-report.txt
npm error A complete log of this run can be found in: C:\Users\ludwy\AppData\Local\npm-cache\_logs\2025-06-08T17_19_16_982Z-debug-0.log
